Build started 11/12/2014 16:16:04.
     1>Project "C:\Users\jweldon\Desktop\SOM\P_SOM\P_SOM\P_SOM.vcxproj" on node 2 (Build target(s)).
     1>AddCudaCompileDeps:
         C:\Program Files (x86)\Microsoft Visual Studio 11.0\VC\bin\cl.exe /E /nologo /showIncludes /TP /D__CUDACC__ /DWIN32 /D_DEBUG /D_CONSOLE /D_MBCS /I"C:\Program Files\NVIDIA GPU Computing Toolkit\CUDA\v6.0\include" /I"C:\Program Files\NVIDIA GPU Computing Toolkit\CUDA\v6.0\bin" /I"C:\Program Files\NVIDIA GPU Computing Toolkit\CUDA\v6.0\include" /I. /FIcuda_runtime.h /c C:\Users\jweldon\Desktop\SOM\P_SOM\P_SOM\kernel.cu 
       CudaBuild:
         Compiling CUDA source file kernel.cu...
         cmd.exe /C "C:\Users\jweldon\AppData\Local\Temp\tmp2f3eea56615b4b64832489f4f3af35e0.cmd"
         "C:\Program Files\NVIDIA GPU Computing Toolkit\CUDA\v6.0\bin\nvcc.exe" -gencode=arch=compute_20,code=\"sm_20,compute_20\" --use-local-env --cl-version 2012 -ccbin "C:\Program Files (x86)\Microsoft Visual Studio 11.0\VC\bin"  -I"C:\Program Files\NVIDIA GPU Computing Toolkit\CUDA\v6.0\include" -I"C:\Program Files\NVIDIA GPU Computing Toolkit\CUDA\v6.0\include"  -G   --keep-dir Debug -maxrregcount=0  --machine 32 --compile -cudart static  -g   -DWIN32 -D_DEBUG -D_CONSOLE -D_MBCS -Xcompiler "/EHsc /W3 /nologo /Od /Zi /RTC1 /MDd  " -o Debug\kernel.cu.obj "C:\Users\jweldon\Desktop\SOM\P_SOM\P_SOM\kernel.cu"
         
         C:\Users\jweldon\Desktop\SOM\P_SOM\P_SOM>"C:\Program Files\NVIDIA GPU Computing Toolkit\CUDA\v6.0\bin\nvcc.exe" -gencode=arch=compute_20,code=\"sm_20,compute_20\" --use-local-env --cl-version 2012 -ccbin "C:\Program Files (x86)\Microsoft Visual Studio 11.0\VC\bin"  -I"C:\Program Files\NVIDIA GPU Computing Toolkit\CUDA\v6.0\include" -I"C:\Program Files\NVIDIA GPU Computing Toolkit\CUDA\v6.0\include"  -G   --keep-dir Debug -maxrregcount=0  --machine 32 --compile -cudart static  -g   -DWIN32 -D_DEBUG -D_CONSOLE -D_MBCS -Xcompiler "/EHsc /W3 /nologo /Od /Zi /RTC1 /MDd  " -o Debug\kernel.cu.obj "C:\Users\jweldon\Desktop\SOM\P_SOM\P_SOM\kernel.cu" 
         kernel.cu
     1>c:\users\jweldon\desktop\som\p_som\p_som\Node.h(102): warning C4018: '<' : signed/unsigned mismatch
     1>c:\users\jweldon\desktop\som\p_som\p_som\Node.h(113): warning C4018: '<' : signed/unsigned mismatch
     1>C:/Users/jweldon/Desktop/SOM/P_SOM/P_SOM/kernel.cu(291): warning C4244: '=' : conversion from 'double' to 'float', possible loss of data
     1>C:/Users/jweldon/Desktop/SOM/P_SOM/P_SOM/kernel.cu(319): warning C4244: '=' : conversion from 'double' to 'float', possible loss of data
       Link:
         C:\Program Files (x86)\Microsoft Visual Studio 11.0\VC\bin\link.exe /ERRORREPORT:PROMPT /OUT:"C:\Users\jweldon\Desktop\SOM\P_SOM\Debug\SOM.exe" /INCREMENTAL /NOLOGO /LIBPATH:"C:\Program Files\NVIDIA GPU Computing Toolkit\CUDA\v6.0\lib\Win32" cudart.lib kernel32.lib user32.lib gdi32.lib winspool.lib comdlg32.lib advapi32.lib shell32.lib ole32.lib oleaut32.lib uuid.lib odbc32.lib odbccp32.lib kernel32.lib user32.lib gdi32.lib winspool.lib comdlg32.lib advapi32.lib shell32.lib ole32.lib oleaut32.lib uuid.lib odbc32.lib odbccp32.lib /MANIFEST /MANIFESTUAC:"level='asInvoker' uiAccess='false'" /manifest:embed /DEBUG /PDB:"C:\Users\jweldon\Desktop\SOM\P_SOM\Debug\SOM.pdb" /SUBSYSTEM:WINDOWS /TLBID:1 /DYNAMICBASE /NXCOMPAT /IMPLIB:"C:\Users\jweldon\Desktop\SOM\P_SOM\Debug\SOM.lib" /MACHINE:X86 Debug\kernel.cu.obj
         Debug\SOM.obj
         P_SOM.vcxproj -> C:\Users\jweldon\Desktop\SOM\P_SOM\Debug\SOM.exe
       PostBuildEvent:
         echo copy "C:\Program Files\NVIDIA GPU Computing Toolkit\CUDA\v6.0\bin\cudart*.dll" "C:\Users\jweldon\Desktop\SOM\P_SOM\Debug\"
         copy "C:\Program Files\NVIDIA GPU Computing Toolkit\CUDA\v6.0\bin\cudart*.dll" "C:\Users\jweldon\Desktop\SOM\P_SOM\Debug\"
         :VCEnd
         copy "C:\Program Files\NVIDIA GPU Computing Toolkit\CUDA\v6.0\bin\cudart*.dll" "C:\Users\jweldon\Desktop\SOM\P_SOM\Debug\"
         C:\Program Files\NVIDIA GPU Computing Toolkit\CUDA\v6.0\bin\cudart32_60.dll
         C:\Program Files\NVIDIA GPU Computing Toolkit\CUDA\v6.0\bin\cudart64_60.dll
                 2 file(s) copied.
     1>Done Building Project "C:\Users\jweldon\Desktop\SOM\P_SOM\P_SOM\P_SOM.vcxproj" (Build target(s)).

Build succeeded.

Time Elapsed 00:00:14.18
