Build started 11/12/2014 16:10:16.
     1>Project "C:\Users\jweldon\Desktop\PSOM\P_SOM\P_SOM\P_SOM.vcxproj" on node 2 (Build target(s)).
     1>AddCudaCompileDeps:
         C:\Program Files (x86)\Microsoft Visual Studio 11.0\VC\bin\cl.exe /E /nologo /showIncludes /TP /D__CUDACC__ /DWIN32 /D_DEBUG /D_CONSOLE /D_MBCS /I"C:\Program Files\NVIDIA GPU Computing Toolkit\CUDA\v6.0\include" /I"C:\Program Files\NVIDIA GPU Computing Toolkit\CUDA\v6.0\bin" /I"C:\Program Files\NVIDIA GPU Computing Toolkit\CUDA\v6.0\include" /I. /FIcuda_runtime.h /c C:\Users\jweldon\Desktop\PSOM\P_SOM\P_SOM\kernel.cu 
       CudaBuild:
         Compiling CUDA source file kernel.cu...
         cmd.exe /C "C:\Users\jweldon\AppData\Local\Temp\tmp23f30501ba68436b926ff768be8ed048.cmd"
         "C:\Program Files\NVIDIA GPU Computing Toolkit\CUDA\v6.0\bin\nvcc.exe" -gencode=arch=compute_20,code=\"sm_20,compute_20\" --use-local-env --cl-version 2012 -ccbin "C:\Program Files (x86)\Microsoft Visual Studio 11.0\VC\bin"  -I"C:\Program Files\NVIDIA GPU Computing Toolkit\CUDA\v6.0\include" -I"C:\Program Files\NVIDIA GPU Computing Toolkit\CUDA\v6.0\include"  -G   --keep-dir Debug -maxrregcount=0  --machine 32 --compile -cudart static  -g   -DWIN32 -D_DEBUG -D_CONSOLE -D_MBCS -Xcompiler "/EHsc /W3 /nologo /Od /Zi /RTC1 /MDd  " -o Debug\kernel.cu.obj "C:\Users\jweldon\Desktop\PSOM\P_SOM\P_SOM\kernel.cu"
         
         C:\Users\jweldon\Desktop\PSOM\P_SOM\P_SOM>"C:\Program Files\NVIDIA GPU Computing Toolkit\CUDA\v6.0\bin\nvcc.exe" -gencode=arch=compute_20,code=\"sm_20,compute_20\" --use-local-env --cl-version 2012 -ccbin "C:\Program Files (x86)\Microsoft Visual Studio 11.0\VC\bin"  -I"C:\Program Files\NVIDIA GPU Computing Toolkit\CUDA\v6.0\include" -I"C:\Program Files\NVIDIA GPU Computing Toolkit\CUDA\v6.0\include"  -G   --keep-dir Debug -maxrregcount=0  --machine 32 --compile -cudart static  -g   -DWIN32 -D_DEBUG -D_CONSOLE -D_MBCS -Xcompiler "/EHsc /W3 /nologo /Od /Zi /RTC1 /MDd  " -o Debug\kernel.cu.obj "C:\Users\jweldon\Desktop\PSOM\P_SOM\P_SOM\kernel.cu" 
     1>c:\users\jweldon\desktop\psom\p_som\p_som\Node.h(52): warning : calling a __host__ function from a __host__ __device__ function is not allowed
     1>c:\users\jweldon\desktop\psom\p_som\p_som\Node.h(100): warning : a __host__ function("Node::CalculateDistance") redeclared with __device__, hence treated as a __host__ __device__ function
     1>c:\users\jweldon\desktop\psom\p_som\p_som\Node.h(113): warning : a __host__ function("Node::AdjustWeights") redeclared with __device__, hence treated as a __host__ __device__ function
     1>C:/Users/jweldon/Desktop/PSOM/P_SOM/P_SOM/kernel.cu(229): error : calling a __host__ function("std::vector<Node, std::allocator<Node> > ::size") from a __device__ function("device_findBestMatchingNode") is not allowed
     1>C:/Users/jweldon/Desktop/PSOM/P_SOM/P_SOM/kernel.cu(231) (col. 10) : error : calling a __host__ function("std::vector<Node, std::allocator<Node> > ::operator []") from a __device__ function("device_findBestMatchingNode") is not allowed
     1>C:/Users/jweldon/Desktop/PSOM/P_SOM/P_SOM/kernel.cu(237): error : calling a __host__ function("std::vector<Node, std::allocator<Node> > ::operator []") from a __device__ function("device_findBestMatchingNode") is not allowed
     1>C:/Users/jweldon/Desktop/PSOM/P_SOM/P_SOM/kernel.cu(250) (col. 7) : error : calling a __host__ function("std::vector<std::vector<double, std::allocator<double> > , std::allocator<std::vector<double, std::allocator<double> > > > ::size") from a __global__ function("device_epoch") is not allowed
     1>C:/Users/jweldon/Desktop/PSOM/P_SOM/P_SOM/kernel.cu(253): error : calling a __host__ function("std::vector<std::vector<double, std::allocator<double> > , std::allocator<std::vector<double, std::allocator<double> > > > ::operator []") from a __global__ function("device_epoch") is not allowed
     1>C:/Users/jweldon/Desktop/PSOM/P_SOM/P_SOM/kernel.cu(253): error : calling a __host__ function("std::vector<Node, std::allocator<Node> > ::vector") from a __global__ function("device_epoch") is not allowed
     1>C:/Users/jweldon/Desktop/PSOM/P_SOM/P_SOM/kernel.cu(253): error : calling a __host__ function("std::vector<Node, std::allocator<Node> > ::~vector") from a __global__ function("device_epoch") is not allowed
     1>C:/Users/jweldon/Desktop/PSOM/P_SOM/P_SOM/kernel.cu(264): error : calling a __host__ function("std::vector<Node, std::allocator<Node> > ::size") from a __global__ function("device_epoch") is not allowed
     1>C:/Users/jweldon/Desktop/PSOM/P_SOM/P_SOM/kernel.cu(268) (col. 11) : error : calling a __host__ function("Node::X") from a __global__ function("device_epoch") is not allowed
     1>C:/Users/jweldon/Desktop/PSOM/P_SOM/P_SOM/kernel.cu(268) (col. 11) : error : calling a __host__ function("Node::X") from a __global__ function("device_epoch") is not allowed
     1>C:/Users/jweldon/Desktop/PSOM/P_SOM/P_SOM/kernel.cu(268) (col. 11) : error : calling a __host__ function("std::vector<Node, std::allocator<Node> > ::operator []") from a __global__ function("device_epoch") is not allowed
     1>C:/Users/jweldon/Desktop/PSOM/P_SOM/P_SOM/kernel.cu(268) (col. 11) : error : calling a __host__ function("Node::X") from a __global__ function("device_epoch") is not allowed
     1>C:/Users/jweldon/Desktop/PSOM/P_SOM/P_SOM/kernel.cu(268) (col. 11) : error : calling a __host__ function("Node::X") from a __global__ function("device_epoch") is not allowed
     1>C:/Users/jweldon/Desktop/PSOM/P_SOM/P_SOM/kernel.cu(268) (col. 11) : error : calling a __host__ function("std::vector<Node, std::allocator<Node> > ::operator []") from a __global__ function("device_epoch") is not allowed
     1>C:/Users/jweldon/Desktop/PSOM/P_SOM/P_SOM/kernel.cu(268) (col. 11) : error : calling a __host__ function("Node::Y") from a __global__ function("device_epoch") is not allowed
     1>C:/Users/jweldon/Desktop/PSOM/P_SOM/P_SOM/kernel.cu(268) (col. 11) : error : calling a __host__ function("Node::Y") from a __global__ function("device_epoch") is not allowed
     1>C:/Users/jweldon/Desktop/PSOM/P_SOM/P_SOM/kernel.cu(268) (col. 11) : error : calling a __host__ function("std::vector<Node, std::allocator<Node> > ::operator []") from a __global__ function("device_epoch") is not allowed
     1>C:/Users/jweldon/Desktop/PSOM/P_SOM/P_SOM/kernel.cu(268) (col. 11) : error : calling a __host__ function("Node::Y") from a __global__ function("device_epoch") is not allowed
     1>C:/Users/jweldon/Desktop/PSOM/P_SOM/P_SOM/kernel.cu(268) (col. 11) : error : calling a __host__ function("Node::Y") from a __global__ function("device_epoch") is not allowed
     1>C:/Users/jweldon/Desktop/PSOM/P_SOM/P_SOM/kernel.cu(268) (col. 11) : error : calling a __host__ function("std::vector<Node, std::allocator<Node> > ::operator []") from a __global__ function("device_epoch") is not allowed
     1>C:/Users/jweldon/Desktop/PSOM/P_SOM/P_SOM/kernel.cu(282): error : calling a __host__ function("std::vector<Node, std::allocator<Node> > ::operator []") from a __global__ function("device_epoch") is not allowed
     1>C:/Users/jweldon/Desktop/PSOM/P_SOM/P_SOM/kernel.cu(282): error : calling a __host__ function("std::vector<std::vector<double, std::allocator<double> > , std::allocator<std::vector<double, std::allocator<double> > > > ::operator []") from a __global__ function("device_epoch") is not allowed
     1>c:\users\jweldon\desktop\psom\p_som\p_som\Node.h(104): warning : calling a __host__ function("std::vector<double, std::allocator<double> > ::size") from a __host__ __device__ function("Node::CalculateDistance") is not allowed
     1>c:\users\jweldon\desktop\psom\p_som\p_som\Node.h(106): warning : calling a __host__ function("std::vector<double, std::allocator<double> > ::operator []") from a __host__ __device__ function("Node::CalculateDistance") is not allowed
     1>c:\users\jweldon\desktop\psom\p_som\p_som\Node.h(106): warning : calling a __host__ function("std::vector<double, std::allocator<double> > ::operator []") from a __host__ __device__ function("Node::CalculateDistance") is not allowed
     1>c:\users\jweldon\desktop\psom\p_som\p_som\Node.h(106): warning : calling a __host__ function("std::vector<double, std::allocator<double> > ::operator []") from a __host__ __device__ function("Node::CalculateDistance") is not allowed
     1>c:\users\jweldon\desktop\psom\p_som\p_som\Node.h(106): warning : calling a __host__ function("std::vector<double, std::allocator<double> > ::operator []") from a __host__ __device__ function("Node::CalculateDistance") is not allowed
     1>c:\users\jweldon\desktop\psom\p_som\p_som\Node.h(115): warning : calling a __host__ function("std::vector<double, std::allocator<double> > ::size") from a __host__ __device__ function("Node::AdjustWeights") is not allowed
     1>c:\users\jweldon\desktop\psom\p_som\p_som\Node.h(117): warning : calling a __host__ function("std::vector<double, std::allocator<double> > ::operator []") from a __host__ __device__ function("Node::AdjustWeights") is not allowed
     1>c:\users\jweldon\desktop\psom\p_som\p_som\Node.h(117): warning : calling a __host__ function("std::vector<double, std::allocator<double> > ::operator []") from a __host__ __device__ function("Node::AdjustWeights") is not allowed
     1>c:\users\jweldon\desktop\psom\p_som\p_som\Node.h(117): warning : calling a __host__ function("std::vector<double, std::allocator<double> > ::operator []") from a __host__ __device__ function("Node::AdjustWeights") is not allowed
         kernel.cu
     1>C:\Program Files (x86)\MSBuild\Microsoft.Cpp\v4.0\V110\BuildCustomizations\CUDA 6.0.targets(597,9): error MSB3721: The command ""C:\Program Files\NVIDIA GPU Computing Toolkit\CUDA\v6.0\bin\nvcc.exe" -gencode=arch=compute_20,code=\"sm_20,compute_20\" --use-local-env --cl-version 2012 -ccbin "C:\Program Files (x86)\Microsoft Visual Studio 11.0\VC\bin"  -I"C:\Program Files\NVIDIA GPU Computing Toolkit\CUDA\v6.0\include" -I"C:\Program Files\NVIDIA GPU Computing Toolkit\CUDA\v6.0\include"  -G   --keep-dir Debug -maxrregcount=0  --machine 32 --compile -cudart static  -g   -DWIN32 -D_DEBUG -D_CONSOLE -D_MBCS -Xcompiler "/EHsc /W3 /nologo /Od /Zi /RTC1 /MDd  " -o Debug\kernel.cu.obj "C:\Users\jweldon\Desktop\PSOM\P_SOM\P_SOM\kernel.cu"" exited with code 2.
     1>Done Building Project "C:\Users\jweldon\Desktop\PSOM\P_SOM\P_SOM\P_SOM.vcxproj" (Build target(s)) -- FAILED.

Build FAILED.

Time Elapsed 00:00:08.71
